CRITICAL - 2022-02-07 19:55:18 --> Undefined variable: ListKamar
#0 C:\CI4\Hotel_scada\app\Views\Kamar\tampil-kamar.php(21): CodeIgniter\Debug\Exceptions->errorHandler(8, 'Undefined varia...', 'C:\\CI4\\Hotel_sc...', 21, Array)
#1 C:\CI4\Hotel_scada\vendor\codeigniter4\framework\system\View\View.php(210): include('C:\\CI4\\Hotel_sc...')
#2 C:\CI4\Hotel_scada\vendor\codeigniter4\framework\system\View\View.php(213): CodeIgniter\View\View->CodeIgniter\View\{closure}()
#3 C:\CI4\Hotel_scada\vendor\codeigniter4\framework\system\Common.php(1089): CodeIgniter\View\View->render('/Kamar/tampil-k...', Array, true)
#4 C:\CI4\Hotel_scada\app\Controllers\PetugasController.php(36): view('/Kamar/tampil-k...')
#5 C:\CI4\Hotel_scada\vendor\codeigniter4\framework\system\CodeIgniter.php(825): App\Controllers\PetugasController->tampilKamar()
#6 C:\CI4\Hotel_scada\vendor\codeigniter4\framework\system\CodeIgniter.php(412): CodeIgniter\CodeIgniter->runController(Object(App\Controllers\PetugasController))
#7 C:\CI4\Hotel_scada\vendor\codeigniter4\framework\system\CodeIgniter.php(320): CodeIgniter\CodeIgniter->handleRequest(NULL, Object(Config\Cache), false)
#8 C:\CI4\Hotel_scada\public\index.php(37): CodeIgniter\CodeIgniter->run()
#9 C:\CI4\Hotel_scada\vendor\codeigniter4\framework\system\Commands\Server\rewrite.php(43): require_once('C:\\CI4\\Hotel_sc...')
#10 {main}
CRITICAL - 2022-02-07 20:00:11 --> Undefined variable: nomor
#0 C:\CI4\Hotel_scada\app\Views\Kamar\tampil-kamar.php(23): CodeIgniter\Debug\Exceptions->errorHandler(8, 'Undefined varia...', 'C:\\CI4\\Hotel_sc...', 23, Array)
#1 C:\CI4\Hotel_scada\vendor\codeigniter4\framework\system\View\View.php(210): include('C:\\CI4\\Hotel_sc...')
#2 C:\CI4\Hotel_scada\vendor\codeigniter4\framework\system\View\View.php(213): CodeIgniter\View\View->CodeIgniter\View\{closure}()
#3 C:\CI4\Hotel_scada\vendor\codeigniter4\framework\system\Common.php(1089): CodeIgniter\View\View->render('Kamar/tampil-ka...', Array, true)
#4 C:\CI4\Hotel_scada\app\Controllers\PetugasController.php(47): view('Kamar/tampil-ka...', Array)
#5 C:\CI4\Hotel_scada\vendor\codeigniter4\framework\system\CodeIgniter.php(825): App\Controllers\PetugasController->tampilKamar()
#6 C:\CI4\Hotel_scada\vendor\codeigniter4\framework\system\CodeIgniter.php(412): CodeIgniter\CodeIgniter->runController(Object(App\Controllers\PetugasController))
#7 C:\CI4\Hotel_scada\vendor\codeigniter4\framework\system\CodeIgniter.php(320): CodeIgniter\CodeIgniter->handleRequest(NULL, Object(Config\Cache), false)
#8 C:\CI4\Hotel_scada\public\index.php(37): CodeIgniter\CodeIgniter->run()
#9 C:\CI4\Hotel_scada\vendor\codeigniter4\framework\system\Commands\Server\rewrite.php(43): require_once('C:\\CI4\\Hotel_sc...')
#10 {main}
CRITICAL - 2022-02-07 20:00:46 --> Undefined index: no_kamar
#0 C:\CI4\Hotel_scada\app\Views\Kamar\tampil-kamar.php(23): CodeIgniter\Debug\Exceptions->errorHandler(8, 'Undefined index...', 'C:\\CI4\\Hotel_sc...', 23, Array)
#1 C:\CI4\Hotel_scada\vendor\codeigniter4\framework\system\View\View.php(210): include('C:\\CI4\\Hotel_sc...')
#2 C:\CI4\Hotel_scada\vendor\codeigniter4\framework\system\View\View.php(213): CodeIgniter\View\View->CodeIgniter\View\{closure}()
#3 C:\CI4\Hotel_scada\vendor\codeigniter4\framework\system\Common.php(1089): CodeIgniter\View\View->render('Kamar/tampil-ka...', Array, true)
#4 C:\CI4\Hotel_scada\app\Controllers\PetugasController.php(47): view('Kamar/tampil-ka...', Array)
#5 C:\CI4\Hotel_scada\vendor\codeigniter4\framework\system\CodeIgniter.php(825): App\Controllers\PetugasController->tampilKamar()
#6 C:\CI4\Hotel_scada\vendor\codeigniter4\framework\system\CodeIgniter.php(412): CodeIgniter\CodeIgniter->runController(Object(App\Controllers\PetugasController))
#7 C:\CI4\Hotel_scada\vendor\codeigniter4\framework\system\CodeIgniter.php(320): CodeIgniter\CodeIgniter->handleRequest(NULL, Object(Config\Cache), false)
#8 C:\CI4\Hotel_scada\public\index.php(37): CodeIgniter\CodeIgniter->run()
#9 C:\CI4\Hotel_scada\vendor\codeigniter4\framework\system\Commands\Server\rewrite.php(43): require_once('C:\\CI4\\Hotel_sc...')
#10 {main}
CRITICAL - 2022-02-07 20:03:52 --> Undefined index: no_kamar
#0 C:\CI4\Hotel_scada\app\Views\Kamar\tampil-kamar.php(22): CodeIgniter\Debug\Exceptions->errorHandler(8, 'Undefined index...', 'C:\\CI4\\Hotel_sc...', 22, Array)
#1 C:\CI4\Hotel_scada\vendor\codeigniter4\framework\system\View\View.php(210): include('C:\\CI4\\Hotel_sc...')
#2 C:\CI4\Hotel_scada\vendor\codeigniter4\framework\system\View\View.php(213): CodeIgniter\View\View->CodeIgniter\View\{closure}()
#3 C:\CI4\Hotel_scada\vendor\codeigniter4\framework\system\Common.php(1089): CodeIgniter\View\View->render('Kamar/tampil-ka...', Array, true)
#4 C:\CI4\Hotel_scada\app\Controllers\PetugasController.php(47): view('Kamar/tampil-ka...', Array)
#5 C:\CI4\Hotel_scada\vendor\codeigniter4\framework\system\CodeIgniter.php(825): App\Controllers\PetugasController->tampilKamar()
#6 C:\CI4\Hotel_scada\vendor\codeigniter4\framework\system\CodeIgniter.php(412): CodeIgniter\CodeIgniter->runController(Object(App\Controllers\PetugasController))
#7 C:\CI4\Hotel_scada\vendor\codeigniter4\framework\system\CodeIgniter.php(320): CodeIgniter\CodeIgniter->handleRequest(NULL, Object(Config\Cache), false)
#8 C:\CI4\Hotel_scada\public\index.php(37): CodeIgniter\CodeIgniter->run()
#9 C:\CI4\Hotel_scada\vendor\codeigniter4\framework\system\Commands\Server\rewrite.php(43): require_once('C:\\CI4\\Hotel_sc...')
#10 {main}
CRITICAL - 2022-02-07 20:11:51 --> Class 'App\Controllers\Petugas' not found
#0 C:\CI4\Hotel_scada\vendor\codeigniter4\framework\system\CodeIgniter.php(803): App\Controllers\BaseController->initController(Object(CodeIgniter\HTTP\IncomingRequest), Object(CodeIgniter\HTTP\Response), Object(CodeIgniter\Log\Logger))
#1 C:\CI4\Hotel_scada\vendor\codeigniter4\framework\system\CodeIgniter.php(403): CodeIgniter\CodeIgniter->createController()
#2 C:\CI4\Hotel_scada\vendor\codeigniter4\framework\system\CodeIgniter.php(320): CodeIgniter\CodeIgniter->handleRequest(NULL, Object(Config\Cache), false)
#3 C:\CI4\Hotel_scada\public\index.php(37): CodeIgniter\CodeIgniter->run()
#4 C:\CI4\Hotel_scada\vendor\codeigniter4\framework\system\Commands\Server\rewrite.php(43): require_once('C:\\CI4\\Hotel_sc...')
#5 {main}
CRITICAL - 2022-02-07 20:14:04 --> Class 'App\Controllers\Petugas' not found
#0 C:\CI4\Hotel_scada\vendor\codeigniter4\framework\system\CodeIgniter.php(825): App\Controllers\PetugasController->login()
#1 C:\CI4\Hotel_scada\vendor\codeigniter4\framework\system\CodeIgniter.php(412): CodeIgniter\CodeIgniter->runController(Object(App\Controllers\PetugasController))
#2 C:\CI4\Hotel_scada\vendor\codeigniter4\framework\system\CodeIgniter.php(320): CodeIgniter\CodeIgniter->handleRequest(NULL, Object(Config\Cache), false)
#3 C:\CI4\Hotel_scada\public\index.php(37): CodeIgniter\CodeIgniter->run()
#4 C:\CI4\Hotel_scada\vendor\codeigniter4\framework\system\Commands\Server\rewrite.php(43): require_once('C:\\CI4\\Hotel_sc...')
#5 {main}
