CRITICAL - 2022-03-10 08:17:14 --> Undefined index: tipe_kamar
#0 C:\CI4\Hotel_scada\app\Views\Kamar\edit-kamar.php(14): CodeIgniter\Debug\Exceptions->errorHandler(8, 'Undefined index...', 'C:\\CI4\\Hotel_sc...', 14, Array)
#1 C:\CI4\Hotel_scada\vendor\codeigniter4\framework\system\View\View.php(210): include('C:\\CI4\\Hotel_sc...')
#2 C:\CI4\Hotel_scada\vendor\codeigniter4\framework\system\View\View.php(213): CodeIgniter\View\View->CodeIgniter\View\{closure}()
#3 C:\CI4\Hotel_scada\vendor\codeigniter4\framework\system\Common.php(1089): CodeIgniter\View\View->render('Kamar/edit-kama...', Array, true)
#4 C:\CI4\Hotel_scada\app\Controllers\KamarController.php(75): view('Kamar/edit-kama...', Array)
#5 C:\CI4\Hotel_scada\vendor\codeigniter4\framework\system\CodeIgniter.php(825): App\Controllers\KamarController->editKamar('4')
#6 C:\CI4\Hotel_scada\vendor\codeigniter4\framework\system\CodeIgniter.php(412): CodeIgniter\CodeIgniter->runController(Object(App\Controllers\KamarController))
#7 C:\CI4\Hotel_scada\vendor\codeigniter4\framework\system\CodeIgniter.php(320): CodeIgniter\CodeIgniter->handleRequest(NULL, Object(Config\Cache), false)
#8 C:\CI4\Hotel_scada\public\index.php(37): CodeIgniter\CodeIgniter->run()
#9 C:\CI4\Hotel_scada\vendor\codeigniter4\framework\system\Commands\Server\rewrite.php(43): require_once('C:\\CI4\\Hotel_sc...')
#10 {main}
CRITICAL - 2022-03-10 08:33:57 --> Undefined index: tipe_kamar
#0 C:\CI4\Hotel_scada\app\Views\Kamar\tambah-kamar.php(14): CodeIgniter\Debug\Exceptions->errorHandler(8, 'Undefined index...', 'C:\\CI4\\Hotel_sc...', 14, Array)
#1 C:\CI4\Hotel_scada\vendor\codeigniter4\framework\system\View\View.php(210): include('C:\\CI4\\Hotel_sc...')
#2 C:\CI4\Hotel_scada\vendor\codeigniter4\framework\system\View\View.php(213): CodeIgniter\View\View->CodeIgniter\View\{closure}()
#3 C:\CI4\Hotel_scada\vendor\codeigniter4\framework\system\Common.php(1089): CodeIgniter\View\View->render('Kamar/tambah-ka...', Array, true)
#4 C:\CI4\Hotel_scada\app\Controllers\KamarController.php(39): view('Kamar/tambah-ka...', Array)
#5 C:\CI4\Hotel_scada\vendor\codeigniter4\framework\system\CodeIgniter.php(825): App\Controllers\KamarController->tambahKamar()
#6 C:\CI4\Hotel_scada\vendor\codeigniter4\framework\system\CodeIgniter.php(412): CodeIgniter\CodeIgniter->runController(Object(App\Controllers\KamarController))
#7 C:\CI4\Hotel_scada\vendor\codeigniter4\framework\system\CodeIgniter.php(320): CodeIgniter\CodeIgniter->handleRequest(NULL, Object(Config\Cache), false)
#8 C:\CI4\Hotel_scada\public\index.php(37): CodeIgniter\CodeIgniter->run()
#9 C:\CI4\Hotel_scada\vendor\codeigniter4\framework\system\Commands\Server\rewrite.php(43): require_once('C:\\CI4\\Hotel_sc...')
#10 {main}
CRITICAL - 2022-03-10 08:34:00 --> Undefined index: tipe_kamar
#0 C:\CI4\Hotel_scada\app\Views\Kamar\tambah-kamar.php(14): CodeIgniter\Debug\Exceptions->errorHandler(8, 'Undefined index...', 'C:\\CI4\\Hotel_sc...', 14, Array)
#1 C:\CI4\Hotel_scada\vendor\codeigniter4\framework\system\View\View.php(210): include('C:\\CI4\\Hotel_sc...')
#2 C:\CI4\Hotel_scada\vendor\codeigniter4\framework\system\View\View.php(213): CodeIgniter\View\View->CodeIgniter\View\{closure}()
#3 C:\CI4\Hotel_scada\vendor\codeigniter4\framework\system\Common.php(1089): CodeIgniter\View\View->render('Kamar/tambah-ka...', Array, true)
#4 C:\CI4\Hotel_scada\app\Controllers\KamarController.php(39): view('Kamar/tambah-ka...', Array)
#5 C:\CI4\Hotel_scada\vendor\codeigniter4\framework\system\CodeIgniter.php(825): App\Controllers\KamarController->tambahKamar()
#6 C:\CI4\Hotel_scada\vendor\codeigniter4\framework\system\CodeIgniter.php(412): CodeIgniter\CodeIgniter->runController(Object(App\Controllers\KamarController))
#7 C:\CI4\Hotel_scada\vendor\codeigniter4\framework\system\CodeIgniter.php(320): CodeIgniter\CodeIgniter->handleRequest(NULL, Object(Config\Cache), false)
#8 C:\CI4\Hotel_scada\public\index.php(37): CodeIgniter\CodeIgniter->run()
#9 C:\CI4\Hotel_scada\vendor\codeigniter4\framework\system\Commands\Server\rewrite.php(43): require_once('C:\\CI4\\Hotel_sc...')
#10 {main}
CRITICAL - 2022-03-10 08:34:00 --> Undefined index: tipe_kamar
#0 C:\CI4\Hotel_scada\app\Views\Kamar\tambah-kamar.php(14): CodeIgniter\Debug\Exceptions->errorHandler(8, 'Undefined index...', 'C:\\CI4\\Hotel_sc...', 14, Array)
#1 C:\CI4\Hotel_scada\vendor\codeigniter4\framework\system\View\View.php(210): include('C:\\CI4\\Hotel_sc...')
#2 C:\CI4\Hotel_scada\vendor\codeigniter4\framework\system\View\View.php(213): CodeIgniter\View\View->CodeIgniter\View\{closure}()
#3 C:\CI4\Hotel_scada\vendor\codeigniter4\framework\system\Common.php(1089): CodeIgniter\View\View->render('Kamar/tambah-ka...', Array, true)
#4 C:\CI4\Hotel_scada\app\Controllers\KamarController.php(39): view('Kamar/tambah-ka...', Array)
#5 C:\CI4\Hotel_scada\vendor\codeigniter4\framework\system\CodeIgniter.php(825): App\Controllers\KamarController->tambahKamar()
#6 C:\CI4\Hotel_scada\vendor\codeigniter4\framework\system\CodeIgniter.php(412): CodeIgniter\CodeIgniter->runController(Object(App\Controllers\KamarController))
#7 C:\CI4\Hotel_scada\vendor\codeigniter4\framework\system\CodeIgniter.php(320): CodeIgniter\CodeIgniter->handleRequest(NULL, Object(Config\Cache), false)
#8 C:\CI4\Hotel_scada\public\index.php(37): CodeIgniter\CodeIgniter->run()
#9 C:\CI4\Hotel_scada\vendor\codeigniter4\framework\system\Commands\Server\rewrite.php(43): require_once('C:\\CI4\\Hotel_sc...')
#10 {main}
CRITICAL - 2022-03-10 08:34:01 --> Undefined index: tipe_kamar
#0 C:\CI4\Hotel_scada\app\Views\Kamar\tambah-kamar.php(14): CodeIgniter\Debug\Exceptions->errorHandler(8, 'Undefined index...', 'C:\\CI4\\Hotel_sc...', 14, Array)
#1 C:\CI4\Hotel_scada\vendor\codeigniter4\framework\system\View\View.php(210): include('C:\\CI4\\Hotel_sc...')
#2 C:\CI4\Hotel_scada\vendor\codeigniter4\framework\system\View\View.php(213): CodeIgniter\View\View->CodeIgniter\View\{closure}()
#3 C:\CI4\Hotel_scada\vendor\codeigniter4\framework\system\Common.php(1089): CodeIgniter\View\View->render('Kamar/tambah-ka...', Array, true)
#4 C:\CI4\Hotel_scada\app\Controllers\KamarController.php(39): view('Kamar/tambah-ka...', Array)
#5 C:\CI4\Hotel_scada\vendor\codeigniter4\framework\system\CodeIgniter.php(825): App\Controllers\KamarController->tambahKamar()
#6 C:\CI4\Hotel_scada\vendor\codeigniter4\framework\system\CodeIgniter.php(412): CodeIgniter\CodeIgniter->runController(Object(App\Controllers\KamarController))
#7 C:\CI4\Hotel_scada\vendor\codeigniter4\framework\system\CodeIgniter.php(320): CodeIgniter\CodeIgniter->handleRequest(NULL, Object(Config\Cache), false)
#8 C:\CI4\Hotel_scada\public\index.php(37): CodeIgniter\CodeIgniter->run()
#9 C:\CI4\Hotel_scada\vendor\codeigniter4\framework\system\Commands\Server\rewrite.php(43): require_once('C:\\CI4\\Hotel_sc...')
#10 {main}
CRITICAL - 2022-03-10 08:35:16 --> Undefined index: tipe_kamar
#0 C:\CI4\Hotel_scada\app\Views\Kamar\tambah-kamar.php(14): CodeIgniter\Debug\Exceptions->errorHandler(8, 'Undefined index...', 'C:\\CI4\\Hotel_sc...', 14, Array)
#1 C:\CI4\Hotel_scada\vendor\codeigniter4\framework\system\View\View.php(210): include('C:\\CI4\\Hotel_sc...')
#2 C:\CI4\Hotel_scada\vendor\codeigniter4\framework\system\View\View.php(213): CodeIgniter\View\View->CodeIgniter\View\{closure}()
#3 C:\CI4\Hotel_scada\vendor\codeigniter4\framework\system\Common.php(1089): CodeIgniter\View\View->render('Kamar/tambah-ka...', Array, true)
#4 C:\CI4\Hotel_scada\app\Controllers\KamarController.php(39): view('Kamar/tambah-ka...', Array)
#5 C:\CI4\Hotel_scada\vendor\codeigniter4\framework\system\CodeIgniter.php(825): App\Controllers\KamarController->tambahKamar()
#6 C:\CI4\Hotel_scada\vendor\codeigniter4\framework\system\CodeIgniter.php(412): CodeIgniter\CodeIgniter->runController(Object(App\Controllers\KamarController))
#7 C:\CI4\Hotel_scada\vendor\codeigniter4\framework\system\CodeIgniter.php(320): CodeIgniter\CodeIgniter->handleRequest(NULL, Object(Config\Cache), false)
#8 C:\CI4\Hotel_scada\public\index.php(37): CodeIgniter\CodeIgniter->run()
#9 C:\CI4\Hotel_scada\vendor\codeigniter4\framework\system\Commands\Server\rewrite.php(43): require_once('C:\\CI4\\Hotel_sc...')
#10 {main}
CRITICAL - 2022-03-10 08:35:18 --> Undefined index: tipe_kamar
#0 C:\CI4\Hotel_scada\app\Views\Kamar\tambah-kamar.php(14): CodeIgniter\Debug\Exceptions->errorHandler(8, 'Undefined index...', 'C:\\CI4\\Hotel_sc...', 14, Array)
#1 C:\CI4\Hotel_scada\vendor\codeigniter4\framework\system\View\View.php(210): include('C:\\CI4\\Hotel_sc...')
#2 C:\CI4\Hotel_scada\vendor\codeigniter4\framework\system\View\View.php(213): CodeIgniter\View\View->CodeIgniter\View\{closure}()
#3 C:\CI4\Hotel_scada\vendor\codeigniter4\framework\system\Common.php(1089): CodeIgniter\View\View->render('Kamar/tambah-ka...', Array, true)
#4 C:\CI4\Hotel_scada\app\Controllers\KamarController.php(39): view('Kamar/tambah-ka...', Array)
#5 C:\CI4\Hotel_scada\vendor\codeigniter4\framework\system\CodeIgniter.php(825): App\Controllers\KamarController->tambahKamar()
#6 C:\CI4\Hotel_scada\vendor\codeigniter4\framework\system\CodeIgniter.php(412): CodeIgniter\CodeIgniter->runController(Object(App\Controllers\KamarController))
#7 C:\CI4\Hotel_scada\vendor\codeigniter4\framework\system\CodeIgniter.php(320): CodeIgniter\CodeIgniter->handleRequest(NULL, Object(Config\Cache), false)
#8 C:\CI4\Hotel_scada\public\index.php(37): CodeIgniter\CodeIgniter->run()
#9 C:\CI4\Hotel_scada\vendor\codeigniter4\framework\system\Commands\Server\rewrite.php(43): require_once('C:\\CI4\\Hotel_sc...')
#10 {main}
CRITICAL - 2022-03-10 08:39:50 --> Undefined index: tipe_kamar
#0 C:\CI4\Hotel_scada\app\Views\Kamar\tambah-kamar.php(14): CodeIgniter\Debug\Exceptions->errorHandler(8, 'Undefined index...', 'C:\\CI4\\Hotel_sc...', 14, Array)
#1 C:\CI4\Hotel_scada\vendor\codeigniter4\framework\system\View\View.php(210): include('C:\\CI4\\Hotel_sc...')
#2 C:\CI4\Hotel_scada\vendor\codeigniter4\framework\system\View\View.php(213): CodeIgniter\View\View->CodeIgniter\View\{closure}()
#3 C:\CI4\Hotel_scada\vendor\codeigniter4\framework\system\Common.php(1089): CodeIgniter\View\View->render('Kamar/tambah-ka...', Array, true)
#4 C:\CI4\Hotel_scada\app\Controllers\KamarController.php(39): view('Kamar/tambah-ka...', Array)
#5 C:\CI4\Hotel_scada\vendor\codeigniter4\framework\system\CodeIgniter.php(825): App\Controllers\KamarController->tambahKamar()
#6 C:\CI4\Hotel_scada\vendor\codeigniter4\framework\system\CodeIgniter.php(412): CodeIgniter\CodeIgniter->runController(Object(App\Controllers\KamarController))
#7 C:\CI4\Hotel_scada\vendor\codeigniter4\framework\system\CodeIgniter.php(320): CodeIgniter\CodeIgniter->handleRequest(NULL, Object(Config\Cache), false)
#8 C:\CI4\Hotel_scada\public\index.php(37): CodeIgniter\CodeIgniter->run()
#9 C:\CI4\Hotel_scada\vendor\codeigniter4\framework\system\Commands\Server\rewrite.php(43): require_once('C:\\CI4\\Hotel_sc...')
#10 {main}
CRITICAL - 2022-03-10 08:39:52 --> Undefined index: tipe_kamar
#0 C:\CI4\Hotel_scada\app\Views\Kamar\tambah-kamar.php(14): CodeIgniter\Debug\Exceptions->errorHandler(8, 'Undefined index...', 'C:\\CI4\\Hotel_sc...', 14, Array)
#1 C:\CI4\Hotel_scada\vendor\codeigniter4\framework\system\View\View.php(210): include('C:\\CI4\\Hotel_sc...')
#2 C:\CI4\Hotel_scada\vendor\codeigniter4\framework\system\View\View.php(213): CodeIgniter\View\View->CodeIgniter\View\{closure}()
#3 C:\CI4\Hotel_scada\vendor\codeigniter4\framework\system\Common.php(1089): CodeIgniter\View\View->render('Kamar/tambah-ka...', Array, true)
#4 C:\CI4\Hotel_scada\app\Controllers\KamarController.php(39): view('Kamar/tambah-ka...', Array)
#5 C:\CI4\Hotel_scada\vendor\codeigniter4\framework\system\CodeIgniter.php(825): App\Controllers\KamarController->tambahKamar()
#6 C:\CI4\Hotel_scada\vendor\codeigniter4\framework\system\CodeIgniter.php(412): CodeIgniter\CodeIgniter->runController(Object(App\Controllers\KamarController))
#7 C:\CI4\Hotel_scada\vendor\codeigniter4\framework\system\CodeIgniter.php(320): CodeIgniter\CodeIgniter->handleRequest(NULL, Object(Config\Cache), false)
#8 C:\CI4\Hotel_scada\public\index.php(37): CodeIgniter\CodeIgniter->run()
#9 C:\CI4\Hotel_scada\vendor\codeigniter4\framework\system\Commands\Server\rewrite.php(43): require_once('C:\\CI4\\Hotel_sc...')
#10 {main}
CRITICAL - 2022-03-10 08:39:52 --> Undefined index: tipe_kamar
#0 C:\CI4\Hotel_scada\app\Views\Kamar\tambah-kamar.php(14): CodeIgniter\Debug\Exceptions->errorHandler(8, 'Undefined index...', 'C:\\CI4\\Hotel_sc...', 14, Array)
#1 C:\CI4\Hotel_scada\vendor\codeigniter4\framework\system\View\View.php(210): include('C:\\CI4\\Hotel_sc...')
#2 C:\CI4\Hotel_scada\vendor\codeigniter4\framework\system\View\View.php(213): CodeIgniter\View\View->CodeIgniter\View\{closure}()
#3 C:\CI4\Hotel_scada\vendor\codeigniter4\framework\system\Common.php(1089): CodeIgniter\View\View->render('Kamar/tambah-ka...', Array, true)
#4 C:\CI4\Hotel_scada\app\Controllers\KamarController.php(39): view('Kamar/tambah-ka...', Array)
#5 C:\CI4\Hotel_scada\vendor\codeigniter4\framework\system\CodeIgniter.php(825): App\Controllers\KamarController->tambahKamar()
#6 C:\CI4\Hotel_scada\vendor\codeigniter4\framework\system\CodeIgniter.php(412): CodeIgniter\CodeIgniter->runController(Object(App\Controllers\KamarController))
#7 C:\CI4\Hotel_scada\vendor\codeigniter4\framework\system\CodeIgniter.php(320): CodeIgniter\CodeIgniter->handleRequest(NULL, Object(Config\Cache), false)
#8 C:\CI4\Hotel_scada\public\index.php(37): CodeIgniter\CodeIgniter->run()
#9 C:\CI4\Hotel_scada\vendor\codeigniter4\framework\system\Commands\Server\rewrite.php(43): require_once('C:\\CI4\\Hotel_sc...')
#10 {main}
CRITICAL - 2022-03-10 08:43:36 --> Undefined index: tipe_kamar
#0 C:\CI4\Hotel_scada\app\Views\Kamar\tambah-kamar.php(14): CodeIgniter\Debug\Exceptions->errorHandler(8, 'Undefined index...', 'C:\\CI4\\Hotel_sc...', 14, Array)
#1 C:\CI4\Hotel_scada\vendor\codeigniter4\framework\system\View\View.php(210): include('C:\\CI4\\Hotel_sc...')
#2 C:\CI4\Hotel_scada\vendor\codeigniter4\framework\system\View\View.php(213): CodeIgniter\View\View->CodeIgniter\View\{closure}()
#3 C:\CI4\Hotel_scada\vendor\codeigniter4\framework\system\Common.php(1089): CodeIgniter\View\View->render('Kamar/tambah-ka...', Array, true)
#4 C:\CI4\Hotel_scada\app\Controllers\KamarController.php(39): view('Kamar/tambah-ka...', Array)
#5 C:\CI4\Hotel_scada\vendor\codeigniter4\framework\system\CodeIgniter.php(825): App\Controllers\KamarController->tambahKamar()
#6 C:\CI4\Hotel_scada\vendor\codeigniter4\framework\system\CodeIgniter.php(412): CodeIgniter\CodeIgniter->runController(Object(App\Controllers\KamarController))
#7 C:\CI4\Hotel_scada\vendor\codeigniter4\framework\system\CodeIgniter.php(320): CodeIgniter\CodeIgniter->handleRequest(NULL, Object(Config\Cache), false)
#8 C:\CI4\Hotel_scada\public\index.php(37): CodeIgniter\CodeIgniter->run()
#9 C:\CI4\Hotel_scada\vendor\codeigniter4\framework\system\Commands\Server\rewrite.php(43): require_once('C:\\CI4\\Hotel_sc...')
#10 {main}
CRITICAL - 2022-03-10 08:49:39 --> Trying to get property 'id_fasilitas' of non-object
#0 C:\CI4\Hotel_scada\app\Views\Kamar\tambah-kamar.php(16): CodeIgniter\Debug\Exceptions->errorHandler(8, 'Trying to get p...', 'C:\\CI4\\Hotel_sc...', 16, Array)
#1 C:\CI4\Hotel_scada\vendor\codeigniter4\framework\system\View\View.php(210): include('C:\\CI4\\Hotel_sc...')
#2 C:\CI4\Hotel_scada\vendor\codeigniter4\framework\system\View\View.php(213): CodeIgniter\View\View->CodeIgniter\View\{closure}()
#3 C:\CI4\Hotel_scada\vendor\codeigniter4\framework\system\Common.php(1089): CodeIgniter\View\View->render('Kamar/tambah-ka...', Array, true)
#4 C:\CI4\Hotel_scada\app\Controllers\KamarController.php(39): view('Kamar/tambah-ka...', Array)
#5 C:\CI4\Hotel_scada\vendor\codeigniter4\framework\system\CodeIgniter.php(825): App\Controllers\KamarController->tambahKamar()
#6 C:\CI4\Hotel_scada\vendor\codeigniter4\framework\system\CodeIgniter.php(412): CodeIgniter\CodeIgniter->runController(Object(App\Controllers\KamarController))
#7 C:\CI4\Hotel_scada\vendor\codeigniter4\framework\system\CodeIgniter.php(320): CodeIgniter\CodeIgniter->handleRequest(NULL, Object(Config\Cache), false)
#8 C:\CI4\Hotel_scada\public\index.php(37): CodeIgniter\CodeIgniter->run()
#9 C:\CI4\Hotel_scada\vendor\codeigniter4\framework\system\Commands\Server\rewrite.php(43): require_once('C:\\CI4\\Hotel_sc...')
#10 {main}
CRITICAL - 2022-03-10 08:51:17 --> Trying to get property 'tipe_kamar' of non-object
#0 C:\CI4\Hotel_scada\app\Views\Kamar\tambah-kamar.php(16): CodeIgniter\Debug\Exceptions->errorHandler(8, 'Trying to get p...', 'C:\\CI4\\Hotel_sc...', 16, Array)
#1 C:\CI4\Hotel_scada\vendor\codeigniter4\framework\system\View\View.php(210): include('C:\\CI4\\Hotel_sc...')
#2 C:\CI4\Hotel_scada\vendor\codeigniter4\framework\system\View\View.php(213): CodeIgniter\View\View->CodeIgniter\View\{closure}()
#3 C:\CI4\Hotel_scada\vendor\codeigniter4\framework\system\Common.php(1089): CodeIgniter\View\View->render('Kamar/tambah-ka...', Array, true)
#4 C:\CI4\Hotel_scada\app\Controllers\KamarController.php(39): view('Kamar/tambah-ka...', Array)
#5 C:\CI4\Hotel_scada\vendor\codeigniter4\framework\system\CodeIgniter.php(825): App\Controllers\KamarController->tambahKamar()
#6 C:\CI4\Hotel_scada\vendor\codeigniter4\framework\system\CodeIgniter.php(412): CodeIgniter\CodeIgniter->runController(Object(App\Controllers\KamarController))
#7 C:\CI4\Hotel_scada\vendor\codeigniter4\framework\system\CodeIgniter.php(320): CodeIgniter\CodeIgniter->handleRequest(NULL, Object(Config\Cache), false)
#8 C:\CI4\Hotel_scada\public\index.php(37): CodeIgniter\CodeIgniter->run()
#9 C:\CI4\Hotel_scada\vendor\codeigniter4\framework\system\Commands\Server\rewrite.php(43): require_once('C:\\CI4\\Hotel_sc...')
#10 {main}
ERROR - 2022-03-10 08:52:58 --> Unknown column 'tipe_kamar' in 'field list'
CRITICAL - 2022-03-10 08:52:58 --> Unknown column 'tipe_kamar' in 'field list'
#0 C:\CI4\Hotel_scada\vendor\codeigniter4\framework\system\Database\MySQLi\Connection.php(292): mysqli->query('INSERT INTO `tb...', 0)
#1 C:\CI4\Hotel_scada\vendor\codeigniter4\framework\system\Database\BaseConnection.php(670): CodeIgniter\Database\MySQLi\Connection->execute('INSERT INTO `tb...')
#2 C:\CI4\Hotel_scada\vendor\codeigniter4\framework\system\Database\BaseConnection.php(598): CodeIgniter\Database\BaseConnection->simpleQuery('INSERT INTO `tb...')
#3 C:\CI4\Hotel_scada\vendor\codeigniter4\framework\system\Database\BaseBuilder.php(1771): CodeIgniter\Database\BaseConnection->query('INSERT INTO `tb...', Array, false)
#4 C:\CI4\Hotel_scada\vendor\codeigniter4\framework\system\Model.php(239): CodeIgniter\Database\BaseBuilder->insert()
#5 C:\CI4\Hotel_scada\vendor\codeigniter4\framework\system\BaseModel.php(738): CodeIgniter\Model->doInsert(Array)
#6 C:\CI4\Hotel_scada\vendor\codeigniter4\framework\system\Model.php(625): CodeIgniter\BaseModel->insert(Array, true)
#7 C:\CI4\Hotel_scada\app\Controllers\KamarController.php(61): CodeIgniter\Model->insert(Array)
#8 C:\CI4\Hotel_scada\vendor\codeigniter4\framework\system\CodeIgniter.php(825): App\Controllers\KamarController->simpanKamar()
#9 C:\CI4\Hotel_scada\vendor\codeigniter4\framework\system\CodeIgniter.php(412): CodeIgniter\CodeIgniter->runController(Object(App\Controllers\KamarController))
#10 C:\CI4\Hotel_scada\vendor\codeigniter4\framework\system\CodeIgniter.php(320): CodeIgniter\CodeIgniter->handleRequest(NULL, Object(Config\Cache), false)
#11 C:\CI4\Hotel_scada\public\index.php(37): CodeIgniter\CodeIgniter->run()
#12 C:\CI4\Hotel_scada\vendor\codeigniter4\framework\system\Commands\Server\rewrite.php(43): require_once('C:\\CI4\\Hotel_sc...')
#13 {main}
ERROR - 2022-03-10 08:54:24 --> Unknown column 'deskripsi' in 'field list'
CRITICAL - 2022-03-10 08:54:24 --> Unknown column 'deskripsi' in 'field list'
#0 C:\CI4\Hotel_scada\vendor\codeigniter4\framework\system\Database\MySQLi\Connection.php(292): mysqli->query('INSERT INTO `tb...', 0)
#1 C:\CI4\Hotel_scada\vendor\codeigniter4\framework\system\Database\BaseConnection.php(670): CodeIgniter\Database\MySQLi\Connection->execute('INSERT INTO `tb...')
#2 C:\CI4\Hotel_scada\vendor\codeigniter4\framework\system\Database\BaseConnection.php(598): CodeIgniter\Database\BaseConnection->simpleQuery('INSERT INTO `tb...')
#3 C:\CI4\Hotel_scada\vendor\codeigniter4\framework\system\Database\BaseBuilder.php(1771): CodeIgniter\Database\BaseConnection->query('INSERT INTO `tb...', Array, false)
#4 C:\CI4\Hotel_scada\vendor\codeigniter4\framework\system\Model.php(239): CodeIgniter\Database\BaseBuilder->insert()
#5 C:\CI4\Hotel_scada\vendor\codeigniter4\framework\system\BaseModel.php(738): CodeIgniter\Model->doInsert(Array)
#6 C:\CI4\Hotel_scada\vendor\codeigniter4\framework\system\Model.php(625): CodeIgniter\BaseModel->insert(Array, true)
#7 C:\CI4\Hotel_scada\app\Controllers\KamarController.php(61): CodeIgniter\Model->insert(Array)
#8 C:\CI4\Hotel_scada\vendor\codeigniter4\framework\system\CodeIgniter.php(825): App\Controllers\KamarController->simpanKamar()
#9 C:\CI4\Hotel_scada\vendor\codeigniter4\framework\system\CodeIgniter.php(412): CodeIgniter\CodeIgniter->runController(Object(App\Controllers\KamarController))
#10 C:\CI4\Hotel_scada\vendor\codeigniter4\framework\system\CodeIgniter.php(320): CodeIgniter\CodeIgniter->handleRequest(NULL, Object(Config\Cache), false)
#11 C:\CI4\Hotel_scada\public\index.php(37): CodeIgniter\CodeIgniter->run()
#12 C:\CI4\Hotel_scada\vendor\codeigniter4\framework\system\Commands\Server\rewrite.php(43): require_once('C:\\CI4\\Hotel_sc...')
#13 {main}
CRITICAL - 2022-03-10 08:59:24 --> Illegal string offset 'id_fasilitas'
#0 C:\CI4\Hotel_scada\app\Views\Kamar\tambah-kamar.php(16): CodeIgniter\Debug\Exceptions->errorHandler(2, 'Illegal string ...', 'C:\\CI4\\Hotel_sc...', 16, Array)
#1 C:\CI4\Hotel_scada\vendor\codeigniter4\framework\system\View\View.php(210): include('C:\\CI4\\Hotel_sc...')
#2 C:\CI4\Hotel_scada\vendor\codeigniter4\framework\system\View\View.php(213): CodeIgniter\View\View->CodeIgniter\View\{closure}()
#3 C:\CI4\Hotel_scada\vendor\codeigniter4\framework\system\Common.php(1089): CodeIgniter\View\View->render('Kamar/tambah-ka...', Array, true)
#4 C:\CI4\Hotel_scada\app\Controllers\KamarController.php(39): view('Kamar/tambah-ka...', Array)
#5 C:\CI4\Hotel_scada\vendor\codeigniter4\framework\system\CodeIgniter.php(825): App\Controllers\KamarController->tambahKamar()
#6 C:\CI4\Hotel_scada\vendor\codeigniter4\framework\system\CodeIgniter.php(412): CodeIgniter\CodeIgniter->runController(Object(App\Controllers\KamarController))
#7 C:\CI4\Hotel_scada\vendor\codeigniter4\framework\system\CodeIgniter.php(320): CodeIgniter\CodeIgniter->handleRequest(NULL, Object(Config\Cache), false)
#8 C:\CI4\Hotel_scada\public\index.php(37): CodeIgniter\CodeIgniter->run()
#9 C:\CI4\Hotel_scada\vendor\codeigniter4\framework\system\Commands\Server\rewrite.php(43): require_once('C:\\CI4\\Hotel_sc...')
#10 {main}
CRITICAL - 2022-03-10 09:07:25 --> Undefined index: tipe_kamar
#0 C:\CI4\Hotel_scada\app\Views\Kamar\edit-kamar.php(14): CodeIgniter\Debug\Exceptions->errorHandler(8, 'Undefined index...', 'C:\\CI4\\Hotel_sc...', 14, Array)
#1 C:\CI4\Hotel_scada\vendor\codeigniter4\framework\system\View\View.php(210): include('C:\\CI4\\Hotel_sc...')
#2 C:\CI4\Hotel_scada\vendor\codeigniter4\framework\system\View\View.php(213): CodeIgniter\View\View->CodeIgniter\View\{closure}()
#3 C:\CI4\Hotel_scada\vendor\codeigniter4\framework\system\Common.php(1089): CodeIgniter\View\View->render('Kamar/edit-kama...', Array, true)
#4 C:\CI4\Hotel_scada\app\Controllers\KamarController.php(75): view('Kamar/edit-kama...', Array)
#5 C:\CI4\Hotel_scada\vendor\codeigniter4\framework\system\CodeIgniter.php(825): App\Controllers\KamarController->editKamar('10')
#6 C:\CI4\Hotel_scada\vendor\codeigniter4\framework\system\CodeIgniter.php(412): CodeIgniter\CodeIgniter->runController(Object(App\Controllers\KamarController))
#7 C:\CI4\Hotel_scada\vendor\codeigniter4\framework\system\CodeIgniter.php(320): CodeIgniter\CodeIgniter->handleRequest(NULL, Object(Config\Cache), false)
#8 C:\CI4\Hotel_scada\public\index.php(37): CodeIgniter\CodeIgniter->run()
#9 C:\CI4\Hotel_scada\vendor\codeigniter4\framework\system\Commands\Server\rewrite.php(43): require_once('C:\\CI4\\Hotel_sc...')
#10 {main}
CRITICAL - 2022-03-10 09:11:16 --> Undefined variable: detailKamar
#0 C:\CI4\Hotel_scada\app\Views\Kamar\edit-kamar.php(9): CodeIgniter\Debug\Exceptions->errorHandler(8, 'Undefined varia...', 'C:\\CI4\\Hotel_sc...', 9, Array)
#1 C:\CI4\Hotel_scada\vendor\codeigniter4\framework\system\View\View.php(210): include('C:\\CI4\\Hotel_sc...')
#2 C:\CI4\Hotel_scada\vendor\codeigniter4\framework\system\View\View.php(213): CodeIgniter\View\View->CodeIgniter\View\{closure}()
#3 C:\CI4\Hotel_scada\vendor\codeigniter4\framework\system\Common.php(1089): CodeIgniter\View\View->render('Kamar/edit-kama...', Array, true)
#4 C:\CI4\Hotel_scada\app\Controllers\KamarController.php(76): view('Kamar/edit-kama...', Array)
#5 C:\CI4\Hotel_scada\vendor\codeigniter4\framework\system\CodeIgniter.php(825): App\Controllers\KamarController->editKamar('10')
#6 C:\CI4\Hotel_scada\vendor\codeigniter4\framework\system\CodeIgniter.php(412): CodeIgniter\CodeIgniter->runController(Object(App\Controllers\KamarController))
#7 C:\CI4\Hotel_scada\vendor\codeigniter4\framework\system\CodeIgniter.php(320): CodeIgniter\CodeIgniter->handleRequest(NULL, Object(Config\Cache), false)
#8 C:\CI4\Hotel_scada\public\index.php(37): CodeIgniter\CodeIgniter->run()
#9 C:\CI4\Hotel_scada\vendor\codeigniter4\framework\system\Commands\Server\rewrite.php(43): require_once('C:\\CI4\\Hotel_sc...')
#10 {main}
CRITICAL - 2022-03-10 09:11:51 --> Undefined index: deskripsi
#0 C:\CI4\Hotel_scada\app\Views\Kamar\edit-kamar.php(19): CodeIgniter\Debug\Exceptions->errorHandler(8, 'Undefined index...', 'C:\\CI4\\Hotel_sc...', 19, Array)
#1 C:\CI4\Hotel_scada\vendor\codeigniter4\framework\system\View\View.php(210): include('C:\\CI4\\Hotel_sc...')
#2 C:\CI4\Hotel_scada\vendor\codeigniter4\framework\system\View\View.php(213): CodeIgniter\View\View->CodeIgniter\View\{closure}()
#3 C:\CI4\Hotel_scada\vendor\codeigniter4\framework\system\Common.php(1089): CodeIgniter\View\View->render('Kamar/edit-kama...', Array, true)
#4 C:\CI4\Hotel_scada\app\Controllers\KamarController.php(76): view('Kamar/edit-kama...', Array)
#5 C:\CI4\Hotel_scada\vendor\codeigniter4\framework\system\CodeIgniter.php(825): App\Controllers\KamarController->editKamar('10')
#6 C:\CI4\Hotel_scada\vendor\codeigniter4\framework\system\CodeIgniter.php(412): CodeIgniter\CodeIgniter->runController(Object(App\Controllers\KamarController))
#7 C:\CI4\Hotel_scada\vendor\codeigniter4\framework\system\CodeIgniter.php(320): CodeIgniter\CodeIgniter->handleRequest(NULL, Object(Config\Cache), false)
#8 C:\CI4\Hotel_scada\public\index.php(37): CodeIgniter\CodeIgniter->run()
#9 C:\CI4\Hotel_scada\vendor\codeigniter4\framework\system\Commands\Server\rewrite.php(43): require_once('C:\\CI4\\Hotel_sc...')
#10 {main}
CRITICAL - 2022-03-10 09:13:49 --> Undefined variable: ListTipe
#0 C:\CI4\Hotel_scada\app\Views\Kamar\edit-kamar.php(17): CodeIgniter\Debug\Exceptions->errorHandler(8, 'Undefined varia...', 'C:\\CI4\\Hotel_sc...', 17, Array)
#1 C:\CI4\Hotel_scada\vendor\codeigniter4\framework\system\View\View.php(210): include('C:\\CI4\\Hotel_sc...')
#2 C:\CI4\Hotel_scada\vendor\codeigniter4\framework\system\View\View.php(213): CodeIgniter\View\View->CodeIgniter\View\{closure}()
#3 C:\CI4\Hotel_scada\vendor\codeigniter4\framework\system\Common.php(1089): CodeIgniter\View\View->render('Kamar/edit-kama...', Array, true)
#4 C:\CI4\Hotel_scada\app\Controllers\KamarController.php(76): view('Kamar/edit-kama...', Array)
#5 C:\CI4\Hotel_scada\vendor\codeigniter4\framework\system\CodeIgniter.php(825): App\Controllers\KamarController->editKamar('10')
#6 C:\CI4\Hotel_scada\vendor\codeigniter4\framework\system\CodeIgniter.php(412): CodeIgniter\CodeIgniter->runController(Object(App\Controllers\KamarController))
#7 C:\CI4\Hotel_scada\vendor\codeigniter4\framework\system\CodeIgniter.php(320): CodeIgniter\CodeIgniter->handleRequest(NULL, Object(Config\Cache), false)
#8 C:\CI4\Hotel_scada\public\index.php(37): CodeIgniter\CodeIgniter->run()
#9 C:\CI4\Hotel_scada\vendor\codeigniter4\framework\system\Commands\Server\rewrite.php(43): require_once('C:\\CI4\\Hotel_sc...')
#10 {main}
CRITICAL - 2022-03-10 09:15:12 --> Undefined variable: row
#0 C:\CI4\Hotel_scada\app\Views\Kamar\edit-kamar.php(16): CodeIgniter\Debug\Exceptions->errorHandler(8, 'Undefined varia...', 'C:\\CI4\\Hotel_sc...', 16, Array)
#1 C:\CI4\Hotel_scada\vendor\codeigniter4\framework\system\View\View.php(210): include('C:\\CI4\\Hotel_sc...')
#2 C:\CI4\Hotel_scada\vendor\codeigniter4\framework\system\View\View.php(213): CodeIgniter\View\View->CodeIgniter\View\{closure}()
#3 C:\CI4\Hotel_scada\vendor\codeigniter4\framework\system\Common.php(1089): CodeIgniter\View\View->render('Kamar/edit-kama...', Array, true)
#4 C:\CI4\Hotel_scada\app\Controllers\KamarController.php(76): view('Kamar/edit-kama...', Array)
#5 C:\CI4\Hotel_scada\vendor\codeigniter4\framework\system\CodeIgniter.php(825): App\Controllers\KamarController->editKamar('10')
#6 C:\CI4\Hotel_scada\vendor\codeigniter4\framework\system\CodeIgniter.php(412): CodeIgniter\CodeIgniter->runController(Object(App\Controllers\KamarController))
#7 C:\CI4\Hotel_scada\vendor\codeigniter4\framework\system\CodeIgniter.php(320): CodeIgniter\CodeIgniter->handleRequest(NULL, Object(Config\Cache), false)
#8 C:\CI4\Hotel_scada\public\index.php(37): CodeIgniter\CodeIgniter->run()
#9 C:\CI4\Hotel_scada\vendor\codeigniter4\framework\system\Commands\Server\rewrite.php(43): require_once('C:\\CI4\\Hotel_sc...')
#10 {main}
CRITICAL - 2022-03-10 09:17:17 --> Undefined variable: ListTipe
#0 C:\CI4\Hotel_scada\app\Views\Kamar\edit-kamar.php(15): CodeIgniter\Debug\Exceptions->errorHandler(8, 'Undefined varia...', 'C:\\CI4\\Hotel_sc...', 15, Array)
#1 C:\CI4\Hotel_scada\vendor\codeigniter4\framework\system\View\View.php(210): include('C:\\CI4\\Hotel_sc...')
#2 C:\CI4\Hotel_scada\vendor\codeigniter4\framework\system\View\View.php(213): CodeIgniter\View\View->CodeIgniter\View\{closure}()
#3 C:\CI4\Hotel_scada\vendor\codeigniter4\framework\system\Common.php(1089): CodeIgniter\View\View->render('Kamar/edit-kama...', Array, true)
#4 C:\CI4\Hotel_scada\app\Controllers\KamarController.php(77): view('Kamar/edit-kama...', Array, Array)
#5 C:\CI4\Hotel_scada\vendor\codeigniter4\framework\system\CodeIgniter.php(825): App\Controllers\KamarController->editKamar('10')
#6 C:\CI4\Hotel_scada\vendor\codeigniter4\framework\system\CodeIgniter.php(412): CodeIgniter\CodeIgniter->runController(Object(App\Controllers\KamarController))
#7 C:\CI4\Hotel_scada\vendor\codeigniter4\framework\system\CodeIgniter.php(320): CodeIgniter\CodeIgniter->handleRequest(NULL, Object(Config\Cache), false)
#8 C:\CI4\Hotel_scada\public\index.php(37): CodeIgniter\CodeIgniter->run()
#9 C:\CI4\Hotel_scada\vendor\codeigniter4\framework\system\Commands\Server\rewrite.php(43): require_once('C:\\CI4\\Hotel_sc...')
#10 {main}
CRITICAL - 2022-03-10 09:17:56 --> Undefined variable: detailKamar
#0 C:\CI4\Hotel_scada\app\Views\Kamar\edit-kamar.php(9): CodeIgniter\Debug\Exceptions->errorHandler(8, 'Undefined varia...', 'C:\\CI4\\Hotel_sc...', 9, Array)
#1 C:\CI4\Hotel_scada\vendor\codeigniter4\framework\system\View\View.php(210): include('C:\\CI4\\Hotel_sc...')
#2 C:\CI4\Hotel_scada\vendor\codeigniter4\framework\system\View\View.php(213): CodeIgniter\View\View->CodeIgniter\View\{closure}()
#3 C:\CI4\Hotel_scada\vendor\codeigniter4\framework\system\Common.php(1089): CodeIgniter\View\View->render('Kamar/edit-kama...', Array, true)
#4 C:\CI4\Hotel_scada\app\Controllers\KamarController.php(77): view('Kamar/edit-kama...', Array, Array)
#5 C:\CI4\Hotel_scada\vendor\codeigniter4\framework\system\CodeIgniter.php(825): App\Controllers\KamarController->editKamar('10')
#6 C:\CI4\Hotel_scada\vendor\codeigniter4\framework\system\CodeIgniter.php(412): CodeIgniter\CodeIgniter->runController(Object(App\Controllers\KamarController))
#7 C:\CI4\Hotel_scada\vendor\codeigniter4\framework\system\CodeIgniter.php(320): CodeIgniter\CodeIgniter->handleRequest(NULL, Object(Config\Cache), false)
#8 C:\CI4\Hotel_scada\public\index.php(37): CodeIgniter\CodeIgniter->run()
#9 C:\CI4\Hotel_scada\vendor\codeigniter4\framework\system\Commands\Server\rewrite.php(43): require_once('C:\\CI4\\Hotel_sc...')
#10 {main}
CRITICAL - 2022-03-10 09:19:25 --> Undefined variable: ListTipe
#0 C:\CI4\Hotel_scada\app\Views\Kamar\edit-kamar.php(15): CodeIgniter\Debug\Exceptions->errorHandler(8, 'Undefined varia...', 'C:\\CI4\\Hotel_sc...', 15, Array)
#1 C:\CI4\Hotel_scada\vendor\codeigniter4\framework\system\View\View.php(210): include('C:\\CI4\\Hotel_sc...')
#2 C:\CI4\Hotel_scada\vendor\codeigniter4\framework\system\View\View.php(213): CodeIgniter\View\View->CodeIgniter\View\{closure}()
#3 C:\CI4\Hotel_scada\vendor\codeigniter4\framework\system\Common.php(1089): CodeIgniter\View\View->render('Kamar/edit-kama...', Array, true)
#4 C:\CI4\Hotel_scada\app\Controllers\KamarController.php(77): view('Kamar/edit-kama...', Array, Array)
#5 C:\CI4\Hotel_scada\vendor\codeigniter4\framework\system\CodeIgniter.php(825): App\Controllers\KamarController->editKamar('10')
#6 C:\CI4\Hotel_scada\vendor\codeigniter4\framework\system\CodeIgniter.php(412): CodeIgniter\CodeIgniter->runController(Object(App\Controllers\KamarController))
#7 C:\CI4\Hotel_scada\vendor\codeigniter4\framework\system\CodeIgniter.php(320): CodeIgniter\CodeIgniter->handleRequest(NULL, Object(Config\Cache), false)
#8 C:\CI4\Hotel_scada\public\index.php(37): CodeIgniter\CodeIgniter->run()
#9 C:\CI4\Hotel_scada\vendor\codeigniter4\framework\system\Commands\Server\rewrite.php(43): require_once('C:\\CI4\\Hotel_sc...')
#10 {main}
CRITICAL - 2022-03-10 09:21:52 --> Argument 2 passed to view() must be of the type array, bool given, called in C:\CI4\Hotel_scada\app\Controllers\KamarController.php on line 77
#0 C:\CI4\Hotel_scada\app\Controllers\KamarController.php(77): view('Kamar/edit-kama...', true)
#1 C:\CI4\Hotel_scada\vendor\codeigniter4\framework\system\CodeIgniter.php(825): App\Controllers\KamarController->editKamar('10')
#2 C:\CI4\Hotel_scada\vendor\codeigniter4\framework\system\CodeIgniter.php(412): CodeIgniter\CodeIgniter->runController(Object(App\Controllers\KamarController))
#3 C:\CI4\Hotel_scada\vendor\codeigniter4\framework\system\CodeIgniter.php(320): CodeIgniter\CodeIgniter->handleRequest(NULL, Object(Config\Cache), false)
#4 C:\CI4\Hotel_scada\public\index.php(37): CodeIgniter\CodeIgniter->run()
#5 C:\CI4\Hotel_scada\vendor\codeigniter4\framework\system\Commands\Server\rewrite.php(43): require_once('C:\\CI4\\Hotel_sc...')
#6 {main}
CRITICAL - 2022-03-10 09:22:21 --> Argument 2 passed to view() must be of the type array, bool given, called in C:\CI4\Hotel_scada\app\Controllers\KamarController.php on line 77
#0 C:\CI4\Hotel_scada\app\Controllers\KamarController.php(77): view('Kamar/edit-kama...', true)
#1 C:\CI4\Hotel_scada\vendor\codeigniter4\framework\system\CodeIgniter.php(825): App\Controllers\KamarController->editKamar('10')
#2 C:\CI4\Hotel_scada\vendor\codeigniter4\framework\system\CodeIgniter.php(412): CodeIgniter\CodeIgniter->runController(Object(App\Controllers\KamarController))
#3 C:\CI4\Hotel_scada\vendor\codeigniter4\framework\system\CodeIgniter.php(320): CodeIgniter\CodeIgniter->handleRequest(NULL, Object(Config\Cache), false)
#4 C:\CI4\Hotel_scada\public\index.php(37): CodeIgniter\CodeIgniter->run()
#5 C:\CI4\Hotel_scada\vendor\codeigniter4\framework\system\Commands\Server\rewrite.php(43): require_once('C:\\CI4\\Hotel_sc...')
#6 {main}
CRITICAL - 2022-03-10 09:22:24 --> Argument 2 passed to view() must be of the type array, bool given, called in C:\CI4\Hotel_scada\app\Controllers\KamarController.php on line 77
#0 C:\CI4\Hotel_scada\app\Controllers\KamarController.php(77): view('Kamar/edit-kama...', true)
#1 C:\CI4\Hotel_scada\vendor\codeigniter4\framework\system\CodeIgniter.php(825): App\Controllers\KamarController->editKamar('10')
#2 C:\CI4\Hotel_scada\vendor\codeigniter4\framework\system\CodeIgniter.php(412): CodeIgniter\CodeIgniter->runController(Object(App\Controllers\KamarController))
#3 C:\CI4\Hotel_scada\vendor\codeigniter4\framework\system\CodeIgniter.php(320): CodeIgniter\CodeIgniter->handleRequest(NULL, Object(Config\Cache), false)
#4 C:\CI4\Hotel_scada\public\index.php(37): CodeIgniter\CodeIgniter->run()
#5 C:\CI4\Hotel_scada\vendor\codeigniter4\framework\system\Commands\Server\rewrite.php(43): require_once('C:\\CI4\\Hotel_sc...')
#6 {main}
CRITICAL - 2022-03-10 09:22:24 --> Argument 2 passed to view() must be of the type array, bool given, called in C:\CI4\Hotel_scada\app\Controllers\KamarController.php on line 77
#0 C:\CI4\Hotel_scada\app\Controllers\KamarController.php(77): view('Kamar/edit-kama...', true)
#1 C:\CI4\Hotel_scada\vendor\codeigniter4\framework\system\CodeIgniter.php(825): App\Controllers\KamarController->editKamar('10')
#2 C:\CI4\Hotel_scada\vendor\codeigniter4\framework\system\CodeIgniter.php(412): CodeIgniter\CodeIgniter->runController(Object(App\Controllers\KamarController))
#3 C:\CI4\Hotel_scada\vendor\codeigniter4\framework\system\CodeIgniter.php(320): CodeIgniter\CodeIgniter->handleRequest(NULL, Object(Config\Cache), false)
#4 C:\CI4\Hotel_scada\public\index.php(37): CodeIgniter\CodeIgniter->run()
#5 C:\CI4\Hotel_scada\vendor\codeigniter4\framework\system\Commands\Server\rewrite.php(43): require_once('C:\\CI4\\Hotel_sc...')
#6 {main}
CRITICAL - 2022-03-10 09:22:25 --> Argument 2 passed to view() must be of the type array, bool given, called in C:\CI4\Hotel_scada\app\Controllers\KamarController.php on line 77
#0 C:\CI4\Hotel_scada\app\Controllers\KamarController.php(77): view('Kamar/edit-kama...', true)
#1 C:\CI4\Hotel_scada\vendor\codeigniter4\framework\system\CodeIgniter.php(825): App\Controllers\KamarController->editKamar('10')
#2 C:\CI4\Hotel_scada\vendor\codeigniter4\framework\system\CodeIgniter.php(412): CodeIgniter\CodeIgniter->runController(Object(App\Controllers\KamarController))
#3 C:\CI4\Hotel_scada\vendor\codeigniter4\framework\system\CodeIgniter.php(320): CodeIgniter\CodeIgniter->handleRequest(NULL, Object(Config\Cache), false)
#4 C:\CI4\Hotel_scada\public\index.php(37): CodeIgniter\CodeIgniter->run()
#5 C:\CI4\Hotel_scada\vendor\codeigniter4\framework\system\Commands\Server\rewrite.php(43): require_once('C:\\CI4\\Hotel_sc...')
#6 {main}
CRITICAL - 2022-03-10 09:22:25 --> Argument 2 passed to view() must be of the type array, bool given, called in C:\CI4\Hotel_scada\app\Controllers\KamarController.php on line 77
#0 C:\CI4\Hotel_scada\app\Controllers\KamarController.php(77): view('Kamar/edit-kama...', true)
#1 C:\CI4\Hotel_scada\vendor\codeigniter4\framework\system\CodeIgniter.php(825): App\Controllers\KamarController->editKamar('10')
#2 C:\CI4\Hotel_scada\vendor\codeigniter4\framework\system\CodeIgniter.php(412): CodeIgniter\CodeIgniter->runController(Object(App\Controllers\KamarController))
#3 C:\CI4\Hotel_scada\vendor\codeigniter4\framework\system\CodeIgniter.php(320): CodeIgniter\CodeIgniter->handleRequest(NULL, Object(Config\Cache), false)
#4 C:\CI4\Hotel_scada\public\index.php(37): CodeIgniter\CodeIgniter->run()
#5 C:\CI4\Hotel_scada\vendor\codeigniter4\framework\system\Commands\Server\rewrite.php(43): require_once('C:\\CI4\\Hotel_sc...')
#6 {main}
CRITICAL - 2022-03-10 09:22:26 --> Argument 2 passed to view() must be of the type array, bool given, called in C:\CI4\Hotel_scada\app\Controllers\KamarController.php on line 77
#0 C:\CI4\Hotel_scada\app\Controllers\KamarController.php(77): view('Kamar/edit-kama...', true)
#1 C:\CI4\Hotel_scada\vendor\codeigniter4\framework\system\CodeIgniter.php(825): App\Controllers\KamarController->editKamar('10')
#2 C:\CI4\Hotel_scada\vendor\codeigniter4\framework\system\CodeIgniter.php(412): CodeIgniter\CodeIgniter->runController(Object(App\Controllers\KamarController))
#3 C:\CI4\Hotel_scada\vendor\codeigniter4\framework\system\CodeIgniter.php(320): CodeIgniter\CodeIgniter->handleRequest(NULL, Object(Config\Cache), false)
#4 C:\CI4\Hotel_scada\public\index.php(37): CodeIgniter\CodeIgniter->run()
#5 C:\CI4\Hotel_scada\vendor\codeigniter4\framework\system\Commands\Server\rewrite.php(43): require_once('C:\\CI4\\Hotel_sc...')
#6 {main}
CRITICAL - 2022-03-10 09:22:26 --> Argument 2 passed to view() must be of the type array, bool given, called in C:\CI4\Hotel_scada\app\Controllers\KamarController.php on line 77
#0 C:\CI4\Hotel_scada\app\Controllers\KamarController.php(77): view('Kamar/edit-kama...', true)
#1 C:\CI4\Hotel_scada\vendor\codeigniter4\framework\system\CodeIgniter.php(825): App\Controllers\KamarController->editKamar('10')
#2 C:\CI4\Hotel_scada\vendor\codeigniter4\framework\system\CodeIgniter.php(412): CodeIgniter\CodeIgniter->runController(Object(App\Controllers\KamarController))
#3 C:\CI4\Hotel_scada\vendor\codeigniter4\framework\system\CodeIgniter.php(320): CodeIgniter\CodeIgniter->handleRequest(NULL, Object(Config\Cache), false)
#4 C:\CI4\Hotel_scada\public\index.php(37): CodeIgniter\CodeIgniter->run()
#5 C:\CI4\Hotel_scada\vendor\codeigniter4\framework\system\Commands\Server\rewrite.php(43): require_once('C:\\CI4\\Hotel_sc...')
#6 {main}
CRITICAL - 2022-03-10 09:22:26 --> Argument 2 passed to view() must be of the type array, bool given, called in C:\CI4\Hotel_scada\app\Controllers\KamarController.php on line 77
#0 C:\CI4\Hotel_scada\app\Controllers\KamarController.php(77): view('Kamar/edit-kama...', true)
#1 C:\CI4\Hotel_scada\vendor\codeigniter4\framework\system\CodeIgniter.php(825): App\Controllers\KamarController->editKamar('10')
#2 C:\CI4\Hotel_scada\vendor\codeigniter4\framework\system\CodeIgniter.php(412): CodeIgniter\CodeIgniter->runController(Object(App\Controllers\KamarController))
#3 C:\CI4\Hotel_scada\vendor\codeigniter4\framework\system\CodeIgniter.php(320): CodeIgniter\CodeIgniter->handleRequest(NULL, Object(Config\Cache), false)
#4 C:\CI4\Hotel_scada\public\index.php(37): CodeIgniter\CodeIgniter->run()
#5 C:\CI4\Hotel_scada\vendor\codeigniter4\framework\system\Commands\Server\rewrite.php(43): require_once('C:\\CI4\\Hotel_sc...')
#6 {main}
CRITICAL - 2022-03-10 09:22:48 --> Undefined variable: ListTipe
#0 C:\CI4\Hotel_scada\app\Views\Kamar\edit-kamar.php(15): CodeIgniter\Debug\Exceptions->errorHandler(8, 'Undefined varia...', 'C:\\CI4\\Hotel_sc...', 15, Array)
#1 C:\CI4\Hotel_scada\vendor\codeigniter4\framework\system\View\View.php(210): include('C:\\CI4\\Hotel_sc...')
#2 C:\CI4\Hotel_scada\vendor\codeigniter4\framework\system\View\View.php(213): CodeIgniter\View\View->CodeIgniter\View\{closure}()
#3 C:\CI4\Hotel_scada\vendor\codeigniter4\framework\system\Common.php(1089): CodeIgniter\View\View->render('Kamar/edit-kama...', Array, true)
#4 C:\CI4\Hotel_scada\app\Controllers\KamarController.php(77): view('Kamar/edit-kama...', Array, Array)
#5 C:\CI4\Hotel_scada\vendor\codeigniter4\framework\system\CodeIgniter.php(825): App\Controllers\KamarController->editKamar('10')
#6 C:\CI4\Hotel_scada\vendor\codeigniter4\framework\system\CodeIgniter.php(412): CodeIgniter\CodeIgniter->runController(Object(App\Controllers\KamarController))
#7 C:\CI4\Hotel_scada\vendor\codeigniter4\framework\system\CodeIgniter.php(320): CodeIgniter\CodeIgniter->handleRequest(NULL, Object(Config\Cache), false)
#8 C:\CI4\Hotel_scada\public\index.php(37): CodeIgniter\CodeIgniter->run()
#9 C:\CI4\Hotel_scada\vendor\codeigniter4\framework\system\Commands\Server\rewrite.php(43): require_once('C:\\CI4\\Hotel_sc...')
#10 {main}
CRITICAL - 2022-03-10 09:25:17 --> There is no data to update.
#0 C:\CI4\Hotel_scada\vendor\codeigniter4\framework\system\BaseModel.php(846): CodeIgniter\Database\Exceptions\DataException::forEmptyDataset('update')
#1 C:\CI4\Hotel_scada\vendor\codeigniter4\framework\system\Model.php(651): CodeIgniter\BaseModel->update(Array, Array)
#2 C:\CI4\Hotel_scada\app\Controllers\KamarController.php(109): CodeIgniter\Model->update('3G', Array)
#3 C:\CI4\Hotel_scada\vendor\codeigniter4\framework\system\CodeIgniter.php(825): App\Controllers\KamarController->updateKamar()
#4 C:\CI4\Hotel_scada\vendor\codeigniter4\framework\system\CodeIgniter.php(412): CodeIgniter\CodeIgniter->runController(Object(App\Controllers\KamarController))
#5 C:\CI4\Hotel_scada\vendor\codeigniter4\framework\system\CodeIgniter.php(320): CodeIgniter\CodeIgniter->handleRequest(NULL, Object(Config\Cache), false)
#6 C:\CI4\Hotel_scada\public\index.php(37): CodeIgniter\CodeIgniter->run()
#7 C:\CI4\Hotel_scada\vendor\codeigniter4\framework\system\Commands\Server\rewrite.php(43): require_once('C:\\CI4\\Hotel_sc...')
#8 {main}
ERROR - 2022-03-10 20:19:24 --> Table 'db_hotel.fasilitas' doesn't exist
CRITICAL - 2022-03-10 20:19:24 --> Table 'db_hotel.fasilitas' doesn't exist
#0 C:\CI4\Hotel_scada\vendor\codeigniter4\framework\system\Database\MySQLi\Connection.php(292): mysqli->query('SELECT *\nFROM `...', 0)
#1 C:\CI4\Hotel_scada\vendor\codeigniter4\framework\system\Database\BaseConnection.php(670): CodeIgniter\Database\MySQLi\Connection->execute('SELECT *\nFROM `...')
#2 C:\CI4\Hotel_scada\vendor\codeigniter4\framework\system\Database\BaseConnection.php(598): CodeIgniter\Database\BaseConnection->simpleQuery('SELECT *\nFROM `...')
#3 C:\CI4\Hotel_scada\vendor\codeigniter4\framework\system\Database\BaseBuilder.php(1455): CodeIgniter\Database\BaseConnection->query('SELECT *\nFROM `...', Array, false)
#4 C:\CI4\Hotel_scada\vendor\codeigniter4\framework\system\Model.php(183): CodeIgniter\Database\BaseBuilder->get()
#5 C:\CI4\Hotel_scada\vendor\codeigniter4\framework\system\BaseModel.php(584): CodeIgniter\Model->doFindAll(0, 0)
#6 C:\CI4\Hotel_scada\app\Controllers\Home.php(20): CodeIgniter\BaseModel->findAll()
#7 C:\CI4\Hotel_scada\vendor\codeigniter4\framework\system\CodeIgniter.php(825): App\Controllers\Home->fasilitas()
#8 C:\CI4\Hotel_scada\vendor\codeigniter4\framework\system\CodeIgniter.php(412): CodeIgniter\CodeIgniter->runController(Object(App\Controllers\Home))
#9 C:\CI4\Hotel_scada\vendor\codeigniter4\framework\system\CodeIgniter.php(320): CodeIgniter\CodeIgniter->handleRequest(NULL, Object(Config\Cache), false)
#10 C:\CI4\Hotel_scada\public\index.php(37): CodeIgniter\CodeIgniter->run()
#11 C:\CI4\Hotel_scada\vendor\codeigniter4\framework\system\Commands\Server\rewrite.php(43): require_once('C:\\CI4\\Hotel_sc...')
#12 {main}
CRITICAL - 2022-03-10 21:51:39 --> Undefined index: tipe_kamar
#0 C:\CI4\Hotel_scada\app\Views\Fasilitas-Kamar\tampil-fasilitas.php(26): CodeIgniter\Debug\Exceptions->errorHandler(8, 'Undefined index...', 'C:\\CI4\\Hotel_sc...', 26, Array)
#1 C:\CI4\Hotel_scada\vendor\codeigniter4\framework\system\View\View.php(210): include('C:\\CI4\\Hotel_sc...')
#2 C:\CI4\Hotel_scada\vendor\codeigniter4\framework\system\View\View.php(213): CodeIgniter\View\View->CodeIgniter\View\{closure}()
#3 C:\CI4\Hotel_scada\vendor\codeigniter4\framework\system\Common.php(1089): CodeIgniter\View\View->render('Fasilitas-Kamar...', Array, true)
#4 C:\CI4\Hotel_scada\app\Controllers\FasilitasKamarController.php(21): view('Fasilitas-Kamar...', Array)
#5 C:\CI4\Hotel_scada\vendor\codeigniter4\framework\system\CodeIgniter.php(825): App\Controllers\FasilitasKamarController->index()
#6 C:\CI4\Hotel_scada\vendor\codeigniter4\framework\system\CodeIgniter.php(412): CodeIgniter\CodeIgniter->runController(Object(App\Controllers\FasilitasKamarController))
#7 C:\CI4\Hotel_scada\vendor\codeigniter4\framework\system\CodeIgniter.php(320): CodeIgniter\CodeIgniter->handleRequest(NULL, Object(Config\Cache), false)
#8 C:\CI4\Hotel_scada\public\index.php(37): CodeIgniter\CodeIgniter->run()
#9 C:\CI4\Hotel_scada\vendor\codeigniter4\framework\system\Commands\Server\rewrite.php(43): require_once('C:\\CI4\\Hotel_sc...')
#10 {main}
CRITICAL - 2022-03-10 21:58:58 --> Undefined index: id_kamar
#0 C:\CI4\Hotel_scada\app\Views\Fasilitas-Kamar\tampil-fasilitas.php(29): CodeIgniter\Debug\Exceptions->errorHandler(8, 'Undefined index...', 'C:\\CI4\\Hotel_sc...', 29, Array)
#1 C:\CI4\Hotel_scada\vendor\codeigniter4\framework\system\View\View.php(210): include('C:\\CI4\\Hotel_sc...')
#2 C:\CI4\Hotel_scada\vendor\codeigniter4\framework\system\View\View.php(213): CodeIgniter\View\View->CodeIgniter\View\{closure}()
#3 C:\CI4\Hotel_scada\vendor\codeigniter4\framework\system\Common.php(1089): CodeIgniter\View\View->render('Fasilitas-Kamar...', Array, true)
#4 C:\CI4\Hotel_scada\app\Controllers\FasilitasKamarController.php(21): view('Fasilitas-Kamar...', Array)
#5 C:\CI4\Hotel_scada\vendor\codeigniter4\framework\system\CodeIgniter.php(825): App\Controllers\FasilitasKamarController->index()
#6 C:\CI4\Hotel_scada\vendor\codeigniter4\framework\system\CodeIgniter.php(412): CodeIgniter\CodeIgniter->runController(Object(App\Controllers\FasilitasKamarController))
#7 C:\CI4\Hotel_scada\vendor\codeigniter4\framework\system\CodeIgniter.php(320): CodeIgniter\CodeIgniter->handleRequest(NULL, Object(Config\Cache), false)
#8 C:\CI4\Hotel_scada\public\index.php(37): CodeIgniter\CodeIgniter->run()
#9 C:\CI4\Hotel_scada\vendor\codeigniter4\framework\system\Commands\Server\rewrite.php(43): require_once('C:\\CI4\\Hotel_sc...')
#10 {main}
