ERROR - 2022-02-10 08:45:36 --> Duplicate entry '1' for key 'PRIMARY'
CRITICAL - 2022-02-10 08:45:36 --> Duplicate entry '1' for key 'PRIMARY'
#0 C:\CI4\Hotel_scada\vendor\codeigniter4\framework\system\Database\MySQLi\Connection.php(292): mysqli->query('INSERT INTO `tb...', 0)
#1 C:\CI4\Hotel_scada\vendor\codeigniter4\framework\system\Database\BaseConnection.php(670): CodeIgniter\Database\MySQLi\Connection->execute('INSERT INTO `tb...')
#2 C:\CI4\Hotel_scada\vendor\codeigniter4\framework\system\Database\BaseConnection.php(598): CodeIgniter\Database\BaseConnection->simpleQuery('INSERT INTO `tb...')
#3 C:\CI4\Hotel_scada\vendor\codeigniter4\framework\system\Database\BaseBuilder.php(1771): CodeIgniter\Database\BaseConnection->query('INSERT INTO `tb...', Array, false)
#4 C:\CI4\Hotel_scada\vendor\codeigniter4\framework\system\Model.php(239): CodeIgniter\Database\BaseBuilder->insert()
#5 C:\CI4\Hotel_scada\vendor\codeigniter4\framework\system\BaseModel.php(738): CodeIgniter\Model->doInsert(Array)
#6 C:\CI4\Hotel_scada\vendor\codeigniter4\framework\system\Model.php(625): CodeIgniter\BaseModel->insert(Array, true)
#7 C:\CI4\Hotel_scada\app\Controllers\PetugasController.php(80): CodeIgniter\Model->insert(Array)
#8 C:\CI4\Hotel_scada\vendor\codeigniter4\framework\system\CodeIgniter.php(825): App\Controllers\PetugasController->simpanKamar()
#9 C:\CI4\Hotel_scada\vendor\codeigniter4\framework\system\CodeIgniter.php(412): CodeIgniter\CodeIgniter->runController(Object(App\Controllers\PetugasController))
#10 C:\CI4\Hotel_scada\vendor\codeigniter4\framework\system\CodeIgniter.php(320): CodeIgniter\CodeIgniter->handleRequest(NULL, Object(Config\Cache), false)
#11 C:\CI4\Hotel_scada\public\index.php(37): CodeIgniter\CodeIgniter->run()
#12 C:\CI4\Hotel_scada\vendor\codeigniter4\framework\system\Commands\Server\rewrite.php(43): require_once('C:\\CI4\\Hotel_sc...')
#13 {main}
CRITICAL - 2022-02-10 08:52:16 --> The original file is not a valid file.
#0 C:\CI4\Hotel_scada\vendor\codeigniter4\framework\system\HTTP\Files\UploadedFile.php(137): CodeIgniter\HTTP\Exceptions\HTTPException::forInvalidFile()
#1 C:\CI4\Hotel_scada\app\Controllers\PetugasController.php(117): CodeIgniter\HTTP\Files\UploadedFile->move('C:\\CI4\\Hotel_sc...')
#2 C:\CI4\Hotel_scada\vendor\codeigniter4\framework\system\CodeIgniter.php(825): App\Controllers\PetugasController->updateKamar()
#3 C:\CI4\Hotel_scada\vendor\codeigniter4\framework\system\CodeIgniter.php(412): CodeIgniter\CodeIgniter->runController(Object(App\Controllers\PetugasController))
#4 C:\CI4\Hotel_scada\vendor\codeigniter4\framework\system\CodeIgniter.php(320): CodeIgniter\CodeIgniter->handleRequest(NULL, Object(Config\Cache), false)
#5 C:\CI4\Hotel_scada\public\index.php(37): CodeIgniter\CodeIgniter->run()
#6 C:\CI4\Hotel_scada\vendor\codeigniter4\framework\system\Commands\Server\rewrite.php(43): require_once('C:\\CI4\\Hotel_sc...')
#7 {main}
CRITICAL - 2022-02-10 08:53:52 --> The original file is not a valid file.
#0 C:\CI4\Hotel_scada\vendor\codeigniter4\framework\system\HTTP\Files\UploadedFile.php(137): CodeIgniter\HTTP\Exceptions\HTTPException::forInvalidFile()
#1 C:\CI4\Hotel_scada\app\Controllers\PetugasController.php(118): CodeIgniter\HTTP\Files\UploadedFile->move('C:\\CI4\\Hotel_sc...')
#2 C:\CI4\Hotel_scada\vendor\codeigniter4\framework\system\CodeIgniter.php(825): App\Controllers\PetugasController->updateKamar()
#3 C:\CI4\Hotel_scada\vendor\codeigniter4\framework\system\CodeIgniter.php(412): CodeIgniter\CodeIgniter->runController(Object(App\Controllers\PetugasController))
#4 C:\CI4\Hotel_scada\vendor\codeigniter4\framework\system\CodeIgniter.php(320): CodeIgniter\CodeIgniter->handleRequest(NULL, Object(Config\Cache), false)
#5 C:\CI4\Hotel_scada\public\index.php(37): CodeIgniter\CodeIgniter->run()
#6 C:\CI4\Hotel_scada\vendor\codeigniter4\framework\system\Commands\Server\rewrite.php(43): require_once('C:\\CI4\\Hotel_sc...')
#7 {main}
CRITICAL - 2022-02-10 08:59:18 --> Undefined offset: 0
#0 C:\CI4\Hotel_scada\app\Views\Kamar\edit-kamar.php(9): CodeIgniter\Debug\Exceptions->errorHandler(8, 'Undefined offse...', 'C:\\CI4\\Hotel_sc...', 9, Array)
#1 C:\CI4\Hotel_scada\vendor\codeigniter4\framework\system\View\View.php(210): include('C:\\CI4\\Hotel_sc...')
#2 C:\CI4\Hotel_scada\vendor\codeigniter4\framework\system\View\View.php(213): CodeIgniter\View\View->CodeIgniter\View\{closure}()
#3 C:\CI4\Hotel_scada\vendor\codeigniter4\framework\system\Common.php(1089): CodeIgniter\View\View->render('Kamar/edit-kama...', Array, true)
#4 C:\CI4\Hotel_scada\app\Controllers\PetugasController.php(95): view('Kamar/edit-kama...', Array)
#5 C:\CI4\Hotel_scada\vendor\codeigniter4\framework\system\CodeIgniter.php(825): App\Controllers\PetugasController->editKamar('1')
#6 C:\CI4\Hotel_scada\vendor\codeigniter4\framework\system\CodeIgniter.php(412): CodeIgniter\CodeIgniter->runController(Object(App\Controllers\PetugasController))
#7 C:\CI4\Hotel_scada\vendor\codeigniter4\framework\system\CodeIgniter.php(320): CodeIgniter\CodeIgniter->handleRequest(NULL, Object(Config\Cache), false)
#8 C:\CI4\Hotel_scada\public\index.php(37): CodeIgniter\CodeIgniter->run()
#9 C:\CI4\Hotel_scada\vendor\codeigniter4\framework\system\Commands\Server\rewrite.php(43): require_once('C:\\CI4\\Hotel_sc...')
#10 {main}
CRITICAL - 2022-02-10 09:03:00 --> The original file is not a valid file.
#0 C:\CI4\Hotel_scada\vendor\codeigniter4\framework\system\HTTP\Files\UploadedFile.php(137): CodeIgniter\HTTP\Exceptions\HTTPException::forInvalidFile()
#1 C:\CI4\Hotel_scada\app\Controllers\PetugasController.php(121): CodeIgniter\HTTP\Files\UploadedFile->move('C:\\CI4\\Hotel_sc...')
#2 C:\CI4\Hotel_scada\vendor\codeigniter4\framework\system\CodeIgniter.php(825): App\Controllers\PetugasController->updateKamar()
#3 C:\CI4\Hotel_scada\vendor\codeigniter4\framework\system\CodeIgniter.php(412): CodeIgniter\CodeIgniter->runController(Object(App\Controllers\PetugasController))
#4 C:\CI4\Hotel_scada\vendor\codeigniter4\framework\system\CodeIgniter.php(320): CodeIgniter\CodeIgniter->handleRequest(NULL, Object(Config\Cache), false)
#5 C:\CI4\Hotel_scada\public\index.php(37): CodeIgniter\CodeIgniter->run()
#6 C:\CI4\Hotel_scada\vendor\codeigniter4\framework\system\Commands\Server\rewrite.php(43): require_once('C:\\CI4\\Hotel_sc...')
#7 {main}
CRITICAL - 2022-02-10 09:10:25 --> The original file is not a valid file.
#0 C:\CI4\Hotel_scada\vendor\codeigniter4\framework\system\HTTP\Files\UploadedFile.php(137): CodeIgniter\HTTP\Exceptions\HTTPException::forInvalidFile()
#1 C:\CI4\Hotel_scada\app\Controllers\PetugasController.php(112): CodeIgniter\HTTP\Files\UploadedFile->move('C:\\CI4\\Hotel_sc...')
#2 C:\CI4\Hotel_scada\vendor\codeigniter4\framework\system\CodeIgniter.php(825): App\Controllers\PetugasController->updateKamar()
#3 C:\CI4\Hotel_scada\vendor\codeigniter4\framework\system\CodeIgniter.php(412): CodeIgniter\CodeIgniter->runController(Object(App\Controllers\PetugasController))
#4 C:\CI4\Hotel_scada\vendor\codeigniter4\framework\system\CodeIgniter.php(320): CodeIgniter\CodeIgniter->handleRequest(NULL, Object(Config\Cache), false)
#5 C:\CI4\Hotel_scada\public\index.php(37): CodeIgniter\CodeIgniter->run()
#6 C:\CI4\Hotel_scada\vendor\codeigniter4\framework\system\Commands\Server\rewrite.php(43): require_once('C:\\CI4\\Hotel_sc...')
#7 {main}
CRITICAL - 2022-02-10 09:10:38 --> The original file is not a valid file.
#0 C:\CI4\Hotel_scada\vendor\codeigniter4\framework\system\HTTP\Files\UploadedFile.php(137): CodeIgniter\HTTP\Exceptions\HTTPException::forInvalidFile()
#1 C:\CI4\Hotel_scada\app\Controllers\PetugasController.php(112): CodeIgniter\HTTP\Files\UploadedFile->move('C:\\CI4\\Hotel_sc...')
#2 C:\CI4\Hotel_scada\vendor\codeigniter4\framework\system\CodeIgniter.php(825): App\Controllers\PetugasController->updateKamar()
#3 C:\CI4\Hotel_scada\vendor\codeigniter4\framework\system\CodeIgniter.php(412): CodeIgniter\CodeIgniter->runController(Object(App\Controllers\PetugasController))
#4 C:\CI4\Hotel_scada\vendor\codeigniter4\framework\system\CodeIgniter.php(320): CodeIgniter\CodeIgniter->handleRequest(NULL, Object(Config\Cache), false)
#5 C:\CI4\Hotel_scada\public\index.php(37): CodeIgniter\CodeIgniter->run()
#6 C:\CI4\Hotel_scada\vendor\codeigniter4\framework\system\Commands\Server\rewrite.php(43): require_once('C:\\CI4\\Hotel_sc...')
#7 {main}
CRITICAL - 2022-02-10 09:15:02 --> The original file is not a valid file.
#0 C:\CI4\Hotel_scada\vendor\codeigniter4\framework\system\HTTP\Files\UploadedFile.php(137): CodeIgniter\HTTP\Exceptions\HTTPException::forInvalidFile()
#1 C:\CI4\Hotel_scada\app\Controllers\PetugasController.php(112): CodeIgniter\HTTP\Files\UploadedFile->move('C:\\CI4\\Hotel_sc...')
#2 C:\CI4\Hotel_scada\vendor\codeigniter4\framework\system\CodeIgniter.php(825): App\Controllers\PetugasController->updateKamar()
#3 C:\CI4\Hotel_scada\vendor\codeigniter4\framework\system\CodeIgniter.php(412): CodeIgniter\CodeIgniter->runController(Object(App\Controllers\PetugasController))
#4 C:\CI4\Hotel_scada\vendor\codeigniter4\framework\system\CodeIgniter.php(320): CodeIgniter\CodeIgniter->handleRequest(NULL, Object(Config\Cache), false)
#5 C:\CI4\Hotel_scada\public\index.php(37): CodeIgniter\CodeIgniter->run()
#6 C:\CI4\Hotel_scada\vendor\codeigniter4\framework\system\Commands\Server\rewrite.php(43): require_once('C:\\CI4\\Hotel_sc...')
#7 {main}
ERROR - 2022-02-10 19:37:49 --> Error connecting to the database: No connection could be made because the target machine actively refused it.

CRITICAL - 2022-02-10 19:37:49 --> Unable to connect to the database.
Main connection [MySQLi]: No connection could be made because the target machine actively refused it.

#0 C:\CI4\Hotel_scada\vendor\codeigniter4\framework\system\Database\BaseConnection.php(577): CodeIgniter\Database\BaseConnection->initialize()
#1 C:\CI4\Hotel_scada\vendor\codeigniter4\framework\system\Database\BaseBuilder.php(1455): CodeIgniter\Database\BaseConnection->query('SELECT *\nFROM `...', Array, false)
#2 C:\CI4\Hotel_scada\vendor\codeigniter4\framework\system\Model.php(145): CodeIgniter\Database\BaseBuilder->get()
#3 C:\CI4\Hotel_scada\vendor\codeigniter4\framework\system\BaseModel.php(523): CodeIgniter\Model->doFind(false, NULL)
#4 C:\CI4\Hotel_scada\app\Controllers\PetugasController.php(16): CodeIgniter\BaseModel->find()
#5 C:\CI4\Hotel_scada\vendor\codeigniter4\framework\system\CodeIgniter.php(825): App\Controllers\PetugasController->login()
#6 C:\CI4\Hotel_scada\vendor\codeigniter4\framework\system\CodeIgniter.php(412): CodeIgniter\CodeIgniter->runController(Object(App\Controllers\PetugasController))
#7 C:\CI4\Hotel_scada\vendor\codeigniter4\framework\system\CodeIgniter.php(320): CodeIgniter\CodeIgniter->handleRequest(NULL, Object(Config\Cache), false)
#8 C:\CI4\Hotel_scada\public\index.php(37): CodeIgniter\CodeIgniter->run()
#9 C:\CI4\Hotel_scada\vendor\codeigniter4\framework\system\Commands\Server\rewrite.php(43): require_once('C:\\CI4\\Hotel_sc...')
#10 {main}
CRITICAL - 2022-02-10 19:37:49 --> Uncaught ErrorException: print_r(): Property access is not allowed yet in C:\CI4\Hotel_scada\app\Views\errors\html\error_exception.php:96
Stack trace:
#0 [internal function]: CodeIgniter\Debug\Exceptions->errorHandler(2, 'print_r(): Prop...', 'C:\\CI4\\Hotel_sc...', 96, Array)
#1 C:\CI4\Hotel_scada\app\Views\errors\html\error_exception.php(96): print_r(Object(App\Controllers\PetugasController), true)
#2 C:\CI4\Hotel_scada\vendor\codeigniter4\framework\system\Debug\Exceptions.php(234): include('C:\\CI4\\Hotel_sc...')
#3 C:\CI4\Hotel_scada\vendor\codeigniter4\framework\system\Debug\Exceptions.php(237): CodeIgniter\Debug\Exceptions->CodeIgniter\Debug\{closure}()
#4 C:\CI4\Hotel_scada\vendor\codeigniter4\framework\system\Debug\Exceptions.php(121): CodeIgniter\Debug\Exceptions->render(Object(CodeIgniter\Database\Exceptions\DatabaseException), 500)
#5 [internal function]: CodeIgniter\Debug\Exceptions->exceptionHandler(Object(CodeIgniter\Database\Exceptions\DatabaseException))
#6 {main}
  thrown
#0 [internal function]: CodeIgniter\Debug\Exceptions->shutdownHandler()
#1 {main}
CRITICAL - 2022-02-10 19:42:49 --> The original file is not a valid file.
#0 C:\CI4\Hotel_scada\vendor\codeigniter4\framework\system\HTTP\Files\UploadedFile.php(137): CodeIgniter\HTTP\Exceptions\HTTPException::forInvalidFile()
#1 C:\CI4\Hotel_scada\app\Controllers\PetugasController.php(112): CodeIgniter\HTTP\Files\UploadedFile->move('C:\\CI4\\Hotel_sc...')
#2 C:\CI4\Hotel_scada\vendor\codeigniter4\framework\system\CodeIgniter.php(825): App\Controllers\PetugasController->updateKamar()
#3 C:\CI4\Hotel_scada\vendor\codeigniter4\framework\system\CodeIgniter.php(412): CodeIgniter\CodeIgniter->runController(Object(App\Controllers\PetugasController))
#4 C:\CI4\Hotel_scada\vendor\codeigniter4\framework\system\CodeIgniter.php(320): CodeIgniter\CodeIgniter->handleRequest(NULL, Object(Config\Cache), false)
#5 C:\CI4\Hotel_scada\public\index.php(37): CodeIgniter\CodeIgniter->run()
#6 C:\CI4\Hotel_scada\vendor\codeigniter4\framework\system\Commands\Server\rewrite.php(43): require_once('C:\\CI4\\Hotel_sc...')
#7 {main}
CRITICAL - 2022-02-10 19:47:59 --> The original file is not a valid file.
#0 C:\CI4\Hotel_scada\vendor\codeigniter4\framework\system\HTTP\Files\UploadedFile.php(137): CodeIgniter\HTTP\Exceptions\HTTPException::forInvalidFile()
#1 C:\CI4\Hotel_scada\app\Controllers\PetugasController.php(111): CodeIgniter\HTTP\Files\UploadedFile->move('C:\\CI4\\Hotel_sc...')
#2 C:\CI4\Hotel_scada\vendor\codeigniter4\framework\system\CodeIgniter.php(825): App\Controllers\PetugasController->updateKamar()
#3 C:\CI4\Hotel_scada\vendor\codeigniter4\framework\system\CodeIgniter.php(412): CodeIgniter\CodeIgniter->runController(Object(App\Controllers\PetugasController))
#4 C:\CI4\Hotel_scada\vendor\codeigniter4\framework\system\CodeIgniter.php(320): CodeIgniter\CodeIgniter->handleRequest(NULL, Object(Config\Cache), false)
#5 C:\CI4\Hotel_scada\public\index.php(37): CodeIgniter\CodeIgniter->run()
#6 C:\CI4\Hotel_scada\vendor\codeigniter4\framework\system\Commands\Server\rewrite.php(43): require_once('C:\\CI4\\Hotel_sc...')
#7 {main}
CRITICAL - 2022-02-10 20:02:43 --> The original file is not a valid file.
#0 C:\CI4\Hotel_scada\vendor\codeigniter4\framework\system\HTTP\Files\UploadedFile.php(137): CodeIgniter\HTTP\Exceptions\HTTPException::forInvalidFile()
#1 C:\CI4\Hotel_scada\app\Controllers\PetugasController.php(111): CodeIgniter\HTTP\Files\UploadedFile->move('C:\\CI4\\Hotel_sc...')
#2 C:\CI4\Hotel_scada\vendor\codeigniter4\framework\system\CodeIgniter.php(825): App\Controllers\PetugasController->updateKamar()
#3 C:\CI4\Hotel_scada\vendor\codeigniter4\framework\system\CodeIgniter.php(412): CodeIgniter\CodeIgniter->runController(Object(App\Controllers\PetugasController))
#4 C:\CI4\Hotel_scada\vendor\codeigniter4\framework\system\CodeIgniter.php(320): CodeIgniter\CodeIgniter->handleRequest(NULL, Object(Config\Cache), false)
#5 C:\CI4\Hotel_scada\public\index.php(37): CodeIgniter\CodeIgniter->run()
#6 C:\CI4\Hotel_scada\vendor\codeigniter4\framework\system\Commands\Server\rewrite.php(43): require_once('C:\\CI4\\Hotel_sc...')
#7 {main}
CRITICAL - 2022-02-10 20:03:08 --> The original file is not a valid file.
#0 C:\CI4\Hotel_scada\vendor\codeigniter4\framework\system\HTTP\Files\UploadedFile.php(137): CodeIgniter\HTTP\Exceptions\HTTPException::forInvalidFile()
#1 C:\CI4\Hotel_scada\app\Controllers\PetugasController.php(111): CodeIgniter\HTTP\Files\UploadedFile->move('C:\\CI4\\Hotel_sc...')
#2 C:\CI4\Hotel_scada\vendor\codeigniter4\framework\system\CodeIgniter.php(825): App\Controllers\PetugasController->updateKamar()
#3 C:\CI4\Hotel_scada\vendor\codeigniter4\framework\system\CodeIgniter.php(412): CodeIgniter\CodeIgniter->runController(Object(App\Controllers\PetugasController))
#4 C:\CI4\Hotel_scada\vendor\codeigniter4\framework\system\CodeIgniter.php(320): CodeIgniter\CodeIgniter->handleRequest(NULL, Object(Config\Cache), false)
#5 C:\CI4\Hotel_scada\public\index.php(37): CodeIgniter\CodeIgniter->run()
#6 C:\CI4\Hotel_scada\vendor\codeigniter4\framework\system\Commands\Server\rewrite.php(43): require_once('C:\\CI4\\Hotel_sc...')
#7 {main}
CRITICAL - 2022-02-10 20:03:36 --> The original file is not a valid file.
#0 C:\CI4\Hotel_scada\vendor\codeigniter4\framework\system\HTTP\Files\UploadedFile.php(137): CodeIgniter\HTTP\Exceptions\HTTPException::forInvalidFile()
#1 C:\CI4\Hotel_scada\app\Controllers\PetugasController.php(111): CodeIgniter\HTTP\Files\UploadedFile->move('C:\\CI4\\Hotel_sc...')
#2 C:\CI4\Hotel_scada\vendor\codeigniter4\framework\system\CodeIgniter.php(825): App\Controllers\PetugasController->updateKamar()
#3 C:\CI4\Hotel_scada\vendor\codeigniter4\framework\system\CodeIgniter.php(412): CodeIgniter\CodeIgniter->runController(Object(App\Controllers\PetugasController))
#4 C:\CI4\Hotel_scada\vendor\codeigniter4\framework\system\CodeIgniter.php(320): CodeIgniter\CodeIgniter->handleRequest(NULL, Object(Config\Cache), false)
#5 C:\CI4\Hotel_scada\public\index.php(37): CodeIgniter\CodeIgniter->run()
#6 C:\CI4\Hotel_scada\vendor\codeigniter4\framework\system\Commands\Server\rewrite.php(43): require_once('C:\\CI4\\Hotel_sc...')
#7 {main}
